15-Sep-2023 21:21:46.693 INFO [main] org.apache.catalina.startup.VersionLoggerListener.log Server version name:   Apache Tomcat/10.1.13
15-Sep-2023 21:21:46.702 INFO [main] org.apache.catalina.startup.VersionLoggerListener.log Server built:          Aug 23 2023 21:34:59 UTC
15-Sep-2023 21:21:46.702 INFO [main] org.apache.catalina.startup.VersionLoggerListener.log Server version number: 10.1.13.0
15-Sep-2023 21:21:46.703 INFO [main] org.apache.catalina.startup.VersionLoggerListener.log OS Name:               Windows 11
15-Sep-2023 21:21:46.703 INFO [main] org.apache.catalina.startup.VersionLoggerListener.log OS Version:            10.0
15-Sep-2023 21:21:46.703 INFO [main] org.apache.catalina.startup.VersionLoggerListener.log Architecture:          amd64
15-Sep-2023 21:21:46.703 INFO [main] org.apache.catalina.startup.VersionLoggerListener.log Java Home:             D:\Programs\Java\jdk-18.0.2.1
15-Sep-2023 21:21:46.703 INFO [main] org.apache.catalina.startup.VersionLoggerListener.log JVM Version:           18.0.2.1+1-1
15-Sep-2023 21:21:46.704 INFO [main] org.apache.catalina.startup.VersionLoggerListener.log JVM Vendor:            Oracle Corporation
15-Sep-2023 21:21:46.704 INFO [main] org.apache.catalina.startup.VersionLoggerListener.log CATALINA_BASE:         D:\Software\Apps\git\personal_git\mateusbaleta\karat_trees
15-Sep-2023 21:21:46.704 INFO [main] org.apache.catalina.startup.VersionLoggerListener.log CATALINA_HOME:         D:\Programs\apache-tomcat-10.1.13
15-Sep-2023 21:21:46.723 INFO [main] org.apache.catalina.startup.VersionLoggerListener.log Command line argument: --add-opens=java.base/java.lang=ALL-UNNAMED
15-Sep-2023 21:21:46.723 INFO [main] org.apache.catalina.startup.VersionLoggerListener.log Command line argument: --add-opens=java.base/java.io=ALL-UNNAMED
15-Sep-2023 21:21:46.724 INFO [main] org.apache.catalina.startup.VersionLoggerListener.log Command line argument: --add-opens=java.base/java.util=ALL-UNNAMED
15-Sep-2023 21:21:46.724 INFO [main] org.apache.catalina.startup.VersionLoggerListener.log Command line argument: --add-opens=java.base/java.util.concurrent=ALL-UNNAMED
15-Sep-2023 21:21:46.724 INFO [main] org.apache.catalina.startup.VersionLoggerListener.log Command line argument: --add-opens=java.rmi/sun.rmi.transport=ALL-UNNAMED
15-Sep-2023 21:21:46.724 INFO [main] org.apache.catalina.startup.VersionLoggerListener.log Command line argument: -Dcatalina.home=D:\Programs\apache-tomcat-10.1.13
15-Sep-2023 21:21:46.725 INFO [main] org.apache.catalina.startup.VersionLoggerListener.log Command line argument: -Dcatalina.base=D:\Software\Apps\git\personal_git\mateusbaleta\karat_trees
15-Sep-2023 21:21:46.725 INFO [main] org.apache.catalina.startup.VersionLoggerListener.log Command line argument: -Djava.io.tmpdir=D:\Software\Apps\git\personal_git\mateusbaleta\karat_trees\temp
15-Sep-2023 21:21:46.725 INFO [main] org.apache.catalina.startup.VersionLoggerListener.log Command line argument: -Djava.util.logging.config.file=D:\Software\Apps\git\personal_git\mateusbaleta\karat_trees\conf\logging.properties
15-Sep-2023 21:21:46.725 INFO [main] org.apache.catalina.startup.VersionLoggerListener.log Command line argument: -Djava.util.logging.manager=org.apache.juli.ClassLoaderLogManager
15-Sep-2023 21:21:46.725 INFO [main] org.apache.catalina.startup.VersionLoggerListener.log Command line argument: -javaagent:D:\Programs\Jetbrains\IntelliJ IDEA 2023.1.3\lib\idea_rt.jar=6516:D:\Programs\Jetbrains\IntelliJ IDEA 2023.1.3\bin
15-Sep-2023 21:21:46.726 INFO [main] org.apache.catalina.startup.VersionLoggerListener.log Command line argument: -Dfile.encoding=UTF-8
15-Sep-2023 21:21:46.726 INFO [main] org.apache.catalina.startup.VersionLoggerListener.log Command line argument: -Dsun.stdout.encoding=UTF-8
15-Sep-2023 21:21:46.726 INFO [main] org.apache.catalina.startup.VersionLoggerListener.log Command line argument: -Dsun.stderr.encoding=UTF-8
15-Sep-2023 21:21:46.731 INFO [main] org.apache.catalina.core.AprLifecycleListener.lifecycleEvent Loaded Apache Tomcat Native library [2.0.5] using APR version [1.7.4].
15-Sep-2023 21:21:46.746 INFO [main] org.apache.catalina.core.AprLifecycleListener.initializeSSL OpenSSL successfully initialized [OpenSSL 3.0.10 1 Aug 2023]
15-Sep-2023 21:21:47.258 INFO [main] org.apache.coyote.AbstractProtocol.init Initializing ProtocolHandler ["http-nio-8080"]
15-Sep-2023 21:21:47.279 SEVERE [main] org.apache.catalina.util.LifecycleBase.handleSubClassException Failed to initialize component [Connector["http-nio-8080"]]
	org.apache.catalina.LifecycleException: Protocol handler initialization failed
		at org.apache.catalina.connector.Connector.initInternal(Connector.java:1015)
		at org.apache.catalina.util.LifecycleBase.init(LifecycleBase.java:127)
		at org.apache.catalina.core.StandardService.initInternal(StandardService.java:554)
		at org.apache.catalina.util.LifecycleBase.init(LifecycleBase.java:127)
		at org.apache.catalina.core.StandardServer.initInternal(StandardServer.java:1011)
		at org.apache.catalina.util.LifecycleBase.init(LifecycleBase.java:127)
		at org.apache.catalina.startup.Catalina.load(Catalina.java:747)
		at org.apache.catalina.startup.Catalina.load(Catalina.java:769)
		at java.base/jdk.internal.reflect.DirectMethodHandleAccessor.invoke(DirectMethodHandleAccessor.java:104)
		at java.base/java.lang.reflect.Method.invoke(Method.java:577)
		at org.apache.catalina.startup.Bootstrap.load(Bootstrap.java:307)
		at org.apache.catalina.startup.Bootstrap.main(Bootstrap.java:477)
	Caused by: java.net.BindException: Address already in use: bind
		at java.base/sun.nio.ch.Net.bind0(Native Method)
		at java.base/sun.nio.ch.Net.bind(Net.java:555)
		at java.base/sun.nio.ch.ServerSocketChannelImpl.netBind(ServerSocketChannelImpl.java:337)
		at java.base/sun.nio.ch.ServerSocketChannelImpl.bind(ServerSocketChannelImpl.java:294)
		at org.apache.tomcat.util.net.NioEndpoint.initServerSocket(NioEndpoint.java:247)
		at org.apache.tomcat.util.net.NioEndpoint.bind(NioEndpoint.java:202)
		at org.apache.tomcat.util.net.AbstractEndpoint.bindWithCleanup(AbstractEndpoint.java:1278)
		at org.apache.tomcat.util.net.AbstractEndpoint.init(AbstractEndpoint.java:1291)
		at org.apache.coyote.AbstractProtocol.init(AbstractProtocol.java:622)
		at org.apache.coyote.http11.AbstractHttp11Protocol.init(AbstractHttp11Protocol.java:77)
		at org.apache.catalina.connector.Connector.initInternal(Connector.java:1013)
		... 11 more
15-Sep-2023 21:21:47.280 INFO [main] org.apache.catalina.startup.Catalina.load Server initialization in [1033] milliseconds
15-Sep-2023 21:21:47.377 INFO [main] org.apache.catalina.core.StandardService.startInternal Starting service [Catalina]
15-Sep-2023 21:21:47.377 INFO [main] org.apache.catalina.core.StandardEngine.startInternal Starting Servlet engine: [Apache Tomcat/10.1.13]
15-Sep-2023 21:21:47.409 INFO [main] org.apache.catalina.startup.HostConfig.deployDescriptor Deploying deployment descriptor [D:\Software\Apps\git\personal_git\mateusbaleta\karat_trees\conf\Catalina\localhost\karat_trees.xml]
15-Sep-2023 21:21:48.294 WARNING [main] org.apache.catalina.util.SessionIdGeneratorBase.createSecureRandom Creation of SecureRandom instance for session ID generation using [SHA1PRNG] took [225] milliseconds.
15-Sep-2023 21:21:48.358 INFO [main] org.apache.catalina.startup.HostConfig.deployDescriptor Deployment of deployment descriptor [D:\Software\Apps\git\personal_git\mateusbaleta\karat_trees\conf\Catalina\localhost\karat_trees.xml] has finished in [949] ms
15-Sep-2023 21:21:48.365 INFO [main] org.apache.catalina.startup.Catalina.start Server startup in [1082] milliseconds
15-Sep-2023 21:22:12.841 INFO [Thread-1] org.apache.coyote.AbstractProtocol.pause Pausing ProtocolHandler ["http-nio-8080"]
15-Sep-2023 21:22:12.842 INFO [Thread-1] org.apache.catalina.core.StandardService.stopInternal Stopping service [Catalina]
15-Sep-2023 21:22:12.860 INFO [Thread-1] org.apache.coyote.AbstractProtocol.stop Stopping ProtocolHandler ["http-nio-8080"]
15-Sep-2023 21:22:12.861 INFO [Thread-1] org.apache.coyote.AbstractProtocol.destroy Destroying ProtocolHandler ["http-nio-8080"]
15-Sep-2023 21:22:53.113 INFO [main] org.apache.catalina.startup.VersionLoggerListener.log Server version name:   Apache Tomcat/10.1.13
15-Sep-2023 21:22:53.119 INFO [main] org.apache.catalina.startup.VersionLoggerListener.log Server built:          Aug 23 2023 21:34:59 UTC
15-Sep-2023 21:22:53.119 INFO [main] org.apache.catalina.startup.VersionLoggerListener.log Server version number: 10.1.13.0
15-Sep-2023 21:22:53.120 INFO [main] org.apache.catalina.startup.VersionLoggerListener.log OS Name:               Windows 11
15-Sep-2023 21:22:53.120 INFO [main] org.apache.catalina.startup.VersionLoggerListener.log OS Version:            10.0
15-Sep-2023 21:22:53.120 INFO [main] org.apache.catalina.startup.VersionLoggerListener.log Architecture:          amd64
15-Sep-2023 21:22:53.120 INFO [main] org.apache.catalina.startup.VersionLoggerListener.log Java Home:             D:\Programs\Java\jdk-18.0.2.1
15-Sep-2023 21:22:53.120 INFO [main] org.apache.catalina.startup.VersionLoggerListener.log JVM Version:           18.0.2.1+1-1
15-Sep-2023 21:22:53.121 INFO [main] org.apache.catalina.startup.VersionLoggerListener.log JVM Vendor:            Oracle Corporation
15-Sep-2023 21:22:53.121 INFO [main] org.apache.catalina.startup.VersionLoggerListener.log CATALINA_BASE:         D:\Software\Apps\git\personal_git\mateusbaleta\karat_trees
15-Sep-2023 21:22:53.121 INFO [main] org.apache.catalina.startup.VersionLoggerListener.log CATALINA_HOME:         D:\Programs\apache-tomcat-10.1.13
15-Sep-2023 21:22:53.135 INFO [main] org.apache.catalina.startup.VersionLoggerListener.log Command line argument: --add-opens=java.base/java.lang=ALL-UNNAMED
15-Sep-2023 21:22:53.135 INFO [main] org.apache.catalina.startup.VersionLoggerListener.log Command line argument: --add-opens=java.base/java.io=ALL-UNNAMED
15-Sep-2023 21:22:53.135 INFO [main] org.apache.catalina.startup.VersionLoggerListener.log Command line argument: --add-opens=java.base/java.util=ALL-UNNAMED
15-Sep-2023 21:22:53.136 INFO [main] org.apache.catalina.startup.VersionLoggerListener.log Command line argument: --add-opens=java.base/java.util.concurrent=ALL-UNNAMED
15-Sep-2023 21:22:53.136 INFO [main] org.apache.catalina.startup.VersionLoggerListener.log Command line argument: --add-opens=java.rmi/sun.rmi.transport=ALL-UNNAMED
15-Sep-2023 21:22:53.136 INFO [main] org.apache.catalina.startup.VersionLoggerListener.log Command line argument: -Dcatalina.home=D:\Programs\apache-tomcat-10.1.13
15-Sep-2023 21:22:53.136 INFO [main] org.apache.catalina.startup.VersionLoggerListener.log Command line argument: -Dcatalina.base=D:\Software\Apps\git\personal_git\mateusbaleta\karat_trees
15-Sep-2023 21:22:53.137 INFO [main] org.apache.catalina.startup.VersionLoggerListener.log Command line argument: -Djava.io.tmpdir=D:\Software\Apps\git\personal_git\mateusbaleta\karat_trees\temp
15-Sep-2023 21:22:53.137 INFO [main] org.apache.catalina.startup.VersionLoggerListener.log Command line argument: -Djava.util.logging.config.file=D:\Software\Apps\git\personal_git\mateusbaleta\karat_trees\conf\logging.properties
15-Sep-2023 21:22:53.137 INFO [main] org.apache.catalina.startup.VersionLoggerListener.log Command line argument: -Djava.util.logging.manager=org.apache.juli.ClassLoaderLogManager
15-Sep-2023 21:22:53.137 INFO [main] org.apache.catalina.startup.VersionLoggerListener.log Command line argument: -javaagent:D:\Programs\Jetbrains\IntelliJ IDEA 2023.1.3\lib\idea_rt.jar=6618:D:\Programs\Jetbrains\IntelliJ IDEA 2023.1.3\bin
15-Sep-2023 21:22:53.138 INFO [main] org.apache.catalina.startup.VersionLoggerListener.log Command line argument: -Dfile.encoding=UTF-8
15-Sep-2023 21:22:53.138 INFO [main] org.apache.catalina.startup.VersionLoggerListener.log Command line argument: -Dsun.stdout.encoding=UTF-8
15-Sep-2023 21:22:53.138 INFO [main] org.apache.catalina.startup.VersionLoggerListener.log Command line argument: -Dsun.stderr.encoding=UTF-8
15-Sep-2023 21:22:53.142 INFO [main] org.apache.catalina.core.AprLifecycleListener.lifecycleEvent Loaded Apache Tomcat Native library [2.0.5] using APR version [1.7.4].
15-Sep-2023 21:22:53.153 INFO [main] org.apache.catalina.core.AprLifecycleListener.initializeSSL OpenSSL successfully initialized [OpenSSL 3.0.10 1 Aug 2023]
15-Sep-2023 21:22:53.560 INFO [main] org.apache.coyote.AbstractProtocol.init Initializing ProtocolHandler ["http-nio-8080"]
15-Sep-2023 21:22:53.581 SEVERE [main] org.apache.catalina.util.LifecycleBase.handleSubClassException Failed to initialize component [Connector["http-nio-8080"]]
	org.apache.catalina.LifecycleException: Protocol handler initialization failed
		at org.apache.catalina.connector.Connector.initInternal(Connector.java:1015)
		at org.apache.catalina.util.LifecycleBase.init(LifecycleBase.java:127)
		at org.apache.catalina.core.StandardService.initInternal(StandardService.java:554)
		at org.apache.catalina.util.LifecycleBase.init(LifecycleBase.java:127)
		at org.apache.catalina.core.StandardServer.initInternal(StandardServer.java:1011)
		at org.apache.catalina.util.LifecycleBase.init(LifecycleBase.java:127)
		at org.apache.catalina.startup.Catalina.load(Catalina.java:747)
		at org.apache.catalina.startup.Catalina.load(Catalina.java:769)
		at java.base/jdk.internal.reflect.DirectMethodHandleAccessor.invoke(DirectMethodHandleAccessor.java:104)
		at java.base/java.lang.reflect.Method.invoke(Method.java:577)
		at org.apache.catalina.startup.Bootstrap.load(Bootstrap.java:307)
		at org.apache.catalina.startup.Bootstrap.main(Bootstrap.java:477)
	Caused by: java.net.BindException: Address already in use: bind
		at java.base/sun.nio.ch.Net.bind0(Native Method)
		at java.base/sun.nio.ch.Net.bind(Net.java:555)
		at java.base/sun.nio.ch.ServerSocketChannelImpl.netBind(ServerSocketChannelImpl.java:337)
		at java.base/sun.nio.ch.ServerSocketChannelImpl.bind(ServerSocketChannelImpl.java:294)
		at org.apache.tomcat.util.net.NioEndpoint.initServerSocket(NioEndpoint.java:247)
		at org.apache.tomcat.util.net.NioEndpoint.bind(NioEndpoint.java:202)
		at org.apache.tomcat.util.net.AbstractEndpoint.bindWithCleanup(AbstractEndpoint.java:1278)
		at org.apache.tomcat.util.net.AbstractEndpoint.init(AbstractEndpoint.java:1291)
		at org.apache.coyote.AbstractProtocol.init(AbstractProtocol.java:622)
		at org.apache.coyote.http11.AbstractHttp11Protocol.init(AbstractHttp11Protocol.java:77)
		at org.apache.catalina.connector.Connector.initInternal(Connector.java:1013)
		... 11 more
15-Sep-2023 21:22:53.584 INFO [main] org.apache.catalina.startup.Catalina.load Server initialization in [865] milliseconds
15-Sep-2023 21:22:53.664 INFO [main] org.apache.catalina.core.StandardService.startInternal Starting service [Catalina]
15-Sep-2023 21:22:53.664 INFO [main] org.apache.catalina.core.StandardEngine.startInternal Starting Servlet engine: [Apache Tomcat/10.1.13]
15-Sep-2023 21:22:53.686 INFO [main] org.apache.catalina.startup.HostConfig.deployDescriptor Deploying deployment descriptor [D:\Software\Apps\git\personal_git\mateusbaleta\karat_trees\conf\Catalina\localhost\karat_trees.xml]
15-Sep-2023 21:22:54.430 WARNING [main] org.apache.catalina.util.SessionIdGeneratorBase.createSecureRandom Creation of SecureRandom instance for session ID generation using [SHA1PRNG] took [194] milliseconds.
15-Sep-2023 21:22:54.468 INFO [main] org.apache.catalina.startup.HostConfig.deployDescriptor Deployment of deployment descriptor [D:\Software\Apps\git\personal_git\mateusbaleta\karat_trees\conf\Catalina\localhost\karat_trees.xml] has finished in [782] ms
15-Sep-2023 21:22:54.473 INFO [main] org.apache.catalina.startup.Catalina.start Server startup in [887] milliseconds
15-Sep-2023 21:23:09.504 INFO [Thread-1] org.apache.coyote.AbstractProtocol.pause Pausing ProtocolHandler ["http-nio-8080"]
15-Sep-2023 21:23:09.505 INFO [Thread-1] org.apache.catalina.core.StandardService.stopInternal Stopping service [Catalina]
15-Sep-2023 21:23:09.522 INFO [Thread-1] org.apache.coyote.AbstractProtocol.stop Stopping ProtocolHandler ["http-nio-8080"]
15-Sep-2023 21:23:09.528 INFO [Thread-1] org.apache.coyote.AbstractProtocol.destroy Destroying ProtocolHandler ["http-nio-8080"]
