15-Sep-2023 21:26:24.414 INFO [main] org.apache.catalina.startup.VersionLoggerListener.log Server version name:   Apache Tomcat/10.1.13
15-Sep-2023 21:26:24.421 INFO [main] org.apache.catalina.startup.VersionLoggerListener.log Server built:          Aug 23 2023 21:34:59 UTC
15-Sep-2023 21:26:24.421 INFO [main] org.apache.catalina.startup.VersionLoggerListener.log Server version number: 10.1.13.0
15-Sep-2023 21:26:24.421 INFO [main] org.apache.catalina.startup.VersionLoggerListener.log OS Name:               Windows 11
15-Sep-2023 21:26:24.421 INFO [main] org.apache.catalina.startup.VersionLoggerListener.log OS Version:            10.0
15-Sep-2023 21:26:24.422 INFO [main] org.apache.catalina.startup.VersionLoggerListener.log Architecture:          amd64
15-Sep-2023 21:26:24.422 INFO [main] org.apache.catalina.startup.VersionLoggerListener.log Java Home:             D:\Programs\Java\jdk-18.0.2.1
15-Sep-2023 21:26:24.422 INFO [main] org.apache.catalina.startup.VersionLoggerListener.log JVM Version:           18.0.2.1+1-1
15-Sep-2023 21:26:24.422 INFO [main] org.apache.catalina.startup.VersionLoggerListener.log JVM Vendor:            Oracle Corporation
15-Sep-2023 21:26:24.422 INFO [main] org.apache.catalina.startup.VersionLoggerListener.log CATALINA_BASE:         D:\Software\Apps\git\personal_git\mateusbaleta\karat_trees\src\main\webapp
15-Sep-2023 21:26:24.423 INFO [main] org.apache.catalina.startup.VersionLoggerListener.log CATALINA_HOME:         D:\Programs\apache-tomcat-10.1.13
15-Sep-2023 21:26:24.460 INFO [main] org.apache.catalina.startup.VersionLoggerListener.log Command line argument: --add-opens=java.base/java.lang=ALL-UNNAMED
15-Sep-2023 21:26:24.460 INFO [main] org.apache.catalina.startup.VersionLoggerListener.log Command line argument: --add-opens=java.base/java.io=ALL-UNNAMED
15-Sep-2023 21:26:24.460 INFO [main] org.apache.catalina.startup.VersionLoggerListener.log Command line argument: --add-opens=java.base/java.util=ALL-UNNAMED
15-Sep-2023 21:26:24.461 INFO [main] org.apache.catalina.startup.VersionLoggerListener.log Command line argument: --add-opens=java.base/java.util.concurrent=ALL-UNNAMED
15-Sep-2023 21:26:24.461 INFO [main] org.apache.catalina.startup.VersionLoggerListener.log Command line argument: --add-opens=java.rmi/sun.rmi.transport=ALL-UNNAMED
15-Sep-2023 21:26:24.461 INFO [main] org.apache.catalina.startup.VersionLoggerListener.log Command line argument: -Dcatalina.home=D:\Programs\apache-tomcat-10.1.13
15-Sep-2023 21:26:24.462 INFO [main] org.apache.catalina.startup.VersionLoggerListener.log Command line argument: -Dcatalina.base=D:\Software\Apps\git\personal_git\mateusbaleta\karat_trees\src\main\webapp
15-Sep-2023 21:26:24.462 INFO [main] org.apache.catalina.startup.VersionLoggerListener.log Command line argument: -Djava.io.tmpdir=D:\Software\Apps\git\personal_git\mateusbaleta\karat_trees\src\main\webapp\temp
15-Sep-2023 21:26:24.462 INFO [main] org.apache.catalina.startup.VersionLoggerListener.log Command line argument: -Djava.util.logging.config.file=D:\Software\Apps\git\personal_git\mateusbaleta\karat_trees\src\main\webapp\conf\logging.properties
15-Sep-2023 21:26:24.462 INFO [main] org.apache.catalina.startup.VersionLoggerListener.log Command line argument: -Djava.util.logging.manager=org.apache.juli.ClassLoaderLogManager
15-Sep-2023 21:26:24.463 INFO [main] org.apache.catalina.startup.VersionLoggerListener.log Command line argument: -javaagent:D:\Programs\Jetbrains\IntelliJ IDEA 2023.1.3\lib\idea_rt.jar=6879:D:\Programs\Jetbrains\IntelliJ IDEA 2023.1.3\bin
15-Sep-2023 21:26:24.463 INFO [main] org.apache.catalina.startup.VersionLoggerListener.log Command line argument: -Dfile.encoding=UTF-8
15-Sep-2023 21:26:24.463 INFO [main] org.apache.catalina.startup.VersionLoggerListener.log Command line argument: -Dsun.stdout.encoding=UTF-8
15-Sep-2023 21:26:24.463 INFO [main] org.apache.catalina.startup.VersionLoggerListener.log Command line argument: -Dsun.stderr.encoding=UTF-8
15-Sep-2023 21:26:24.468 INFO [main] org.apache.catalina.core.AprLifecycleListener.lifecycleEvent Loaded Apache Tomcat Native library [2.0.5] using APR version [1.7.4].
15-Sep-2023 21:26:24.478 INFO [main] org.apache.catalina.core.AprLifecycleListener.initializeSSL OpenSSL successfully initialized [OpenSSL 3.0.10 1 Aug 2023]
15-Sep-2023 21:26:24.982 INFO [main] org.apache.coyote.AbstractProtocol.init Initializing ProtocolHandler ["http-nio-8080"]
15-Sep-2023 21:26:25.006 SEVERE [main] org.apache.catalina.util.LifecycleBase.handleSubClassException Failed to initialize component [Connector["http-nio-8080"]]
	org.apache.catalina.LifecycleException: Protocol handler initialization failed
		at org.apache.catalina.connector.Connector.initInternal(Connector.java:1015)
		at org.apache.catalina.util.LifecycleBase.init(LifecycleBase.java:127)
		at org.apache.catalina.core.StandardService.initInternal(StandardService.java:554)
		at org.apache.catalina.util.LifecycleBase.init(LifecycleBase.java:127)
		at org.apache.catalina.core.StandardServer.initInternal(StandardServer.java:1011)
		at org.apache.catalina.util.LifecycleBase.init(LifecycleBase.java:127)
		at org.apache.catalina.startup.Catalina.load(Catalina.java:747)
		at org.apache.catalina.startup.Catalina.load(Catalina.java:769)
		at java.base/jdk.internal.reflect.DirectMethodHandleAccessor.invoke(DirectMethodHandleAccessor.java:104)
		at java.base/java.lang.reflect.Method.invoke(Method.java:577)
		at org.apache.catalina.startup.Bootstrap.load(Bootstrap.java:307)
		at org.apache.catalina.startup.Bootstrap.main(Bootstrap.java:477)
	Caused by: java.net.BindException: Address already in use: bind
		at java.base/sun.nio.ch.Net.bind0(Native Method)
		at java.base/sun.nio.ch.Net.bind(Net.java:555)
		at java.base/sun.nio.ch.ServerSocketChannelImpl.netBind(ServerSocketChannelImpl.java:337)
		at java.base/sun.nio.ch.ServerSocketChannelImpl.bind(ServerSocketChannelImpl.java:294)
		at org.apache.tomcat.util.net.NioEndpoint.initServerSocket(NioEndpoint.java:247)
		at org.apache.tomcat.util.net.NioEndpoint.bind(NioEndpoint.java:202)
		at org.apache.tomcat.util.net.AbstractEndpoint.bindWithCleanup(AbstractEndpoint.java:1278)
		at org.apache.tomcat.util.net.AbstractEndpoint.init(AbstractEndpoint.java:1291)
		at org.apache.coyote.AbstractProtocol.init(AbstractProtocol.java:622)
		at org.apache.coyote.http11.AbstractHttp11Protocol.init(AbstractHttp11Protocol.java:77)
		at org.apache.catalina.connector.Connector.initInternal(Connector.java:1013)
		... 11 more
15-Sep-2023 21:26:25.008 INFO [main] org.apache.catalina.startup.Catalina.load Server initialization in [941] milliseconds
15-Sep-2023 21:26:25.118 INFO [main] org.apache.catalina.core.StandardService.startInternal Starting service [Catalina]
15-Sep-2023 21:26:25.118 INFO [main] org.apache.catalina.core.StandardEngine.startInternal Starting Servlet engine: [Apache Tomcat/10.1.13]
15-Sep-2023 21:26:25.156 INFO [main] org.apache.catalina.startup.HostConfig.deployDescriptor Deploying deployment descriptor [D:\Software\Apps\git\personal_git\mateusbaleta\karat_trees\src\main\webapp\conf\Catalina\localhost\karat_trees.xml]
15-Sep-2023 21:26:26.008 WARNING [main] org.apache.catalina.util.SessionIdGeneratorBase.createSecureRandom Creation of SecureRandom instance for session ID generation using [SHA1PRNG] took [202] milliseconds.
15-Sep-2023 21:26:26.045 INFO [main] org.apache.catalina.startup.HostConfig.deployDescriptor Deployment of deployment descriptor [D:\Software\Apps\git\personal_git\mateusbaleta\karat_trees\src\main\webapp\conf\Catalina\localhost\karat_trees.xml] has finished in [888] ms
15-Sep-2023 21:26:26.049 INFO [main] org.apache.catalina.startup.Catalina.start Server startup in [1038] milliseconds
15-Sep-2023 21:26:41.103 INFO [Thread-1] org.apache.coyote.AbstractProtocol.pause Pausing ProtocolHandler ["http-nio-8080"]
15-Sep-2023 21:26:41.104 INFO [Thread-1] org.apache.catalina.core.StandardService.stopInternal Stopping service [Catalina]
15-Sep-2023 21:26:41.120 INFO [Thread-1] org.apache.coyote.AbstractProtocol.stop Stopping ProtocolHandler ["http-nio-8080"]
15-Sep-2023 21:26:41.121 INFO [Thread-1] org.apache.coyote.AbstractProtocol.destroy Destroying ProtocolHandler ["http-nio-8080"]
